<?xml version="1.0" encoding="UTF-8"?>
<testsuite xmlns:xsi="http://www.w3.org/2001/XMLSchema-instance" xsi:schemaLocation="https://maven.apache.org/surefire/maven-surefire-plugin/xsd/surefire-test-report.xsd" name="TestSuite" time="1.352" tests="1" errors="0" skipped="0" failures="1">
  <properties>
[...]
</properties>
  <testcase name="SBS" classname="org.provide.sbs.invoice.ProvideSBS" time="0.011">
    <failure message="org/provide/commons/Util" type="java.lang.NoClassDefFoundError">java.lang.NoClassDefFoundError: org/provide/commons/Util
	at org.provide.sbs.invoice.ProvideSBS.SBS(ProvideSBS.java:54)
Caused by: java.lang.ClassNotFoundException: org.provide.commons.Util
	at org.provide.sbs.invoice.ProvideSBS.SBS(ProvideSBS.java:54)
</failure>
    <system-out><![CDATA[[TestNGContentHandler] [WARN] It is strongly recommended to add "<!DOCTYPE suite SYSTEM "http://testng.org/testng-1.0.dtd" >" at the top of your file, otherwise TestNG may fail or not work as expected.
TestDataProvideSBS
]]></system-out>
  </testcase>
</testsuite>