<?xml version="1.0" encoding="UTF-8"?>
<!-- Generated by org.testng.reporters.JUnitXMLReporter -->
<testsuite hostname="ITEM-s72590" ignored="0" name="Test" tests="1" failures="1" timestamp="14 Sep 2021 20:10:34 GMT" time="0.03" errors="0">
  <testcase name="SBS" time="0.005" classname="org.provide.sbs.invoice.ProvideSBS">
    <failure type="java.lang.NoClassDefFoundError" message="org/provide/commons/Util">
      <![CDATA[java.lang.NoClassDefFoundError: org/provide/commons/Utilat org.provide.sbs.invoice.ProvideSBS.SBS(ProvideSBS.java:54)Caused by: java.lang.ClassNotFoundException: org.provide.commons.Utilat java.net.URLClassLoader.findClass(URLClassLoader.java:381)at java.lang.ClassLoader.loadClass(ClassLoader.java:424)at sun.misc.Launcher$AppClassLoader.loadClass(Launcher.java:331)at java.lang.ClassLoader.loadClass(ClassLoader.java:357)... 29 more... Removed 28 stack frames]]>
    </failure>
  </testcase> <!-- SBS -->
</testsuite> <!-- Test -->
